20:38:56.347 [INFO] (trainer.py:160) Total Episode:     1 Steps:     185 Episode Steps:   185 Return:  1.0000 FPS: 25.52
20:39:00.571 [INFO] (trainer.py:160) Total Episode:     2 Steps:     393 Episode Steps:   208 Return:  1.0000 FPS: 49.28
20:39:04.643 [INFO] (trainer.py:160) Total Episode:     3 Steps:     591 Episode Steps:   198 Return:  0.0000 FPS: 48.65
20:39:08.866 [INFO] (trainer.py:160) Total Episode:     4 Steps:     796 Episode Steps:   205 Return:  0.0000 FPS: 48.56
20:39:13.352 [INFO] (trainer.py:160) Total Episode:     5 Steps:     994 Episode Steps:   198 Return:  1.0000 FPS: 44.16
20:39:17.551 [INFO] (trainer.py:160) Total Episode:     6 Steps:    1198 Episode Steps:   204 Return:  1.0000 FPS: 48.61
20:39:21.913 [INFO] (trainer.py:160) Total Episode:     7 Steps:    1413 Episode Steps:   215 Return:  1.0000 FPS: 49.32
20:39:26.004 [INFO] (trainer.py:160) Total Episode:     8 Steps:    1608 Episode Steps:   195 Return:  1.0000 FPS: 47.69
20:39:31.900 [INFO] (trainer.py:160) Total Episode:     9 Steps:    1917 Episode Steps:   309 Return:  1.0000 FPS: 52.43
20:39:33.174 [INFO] (trainer.py:160) Total Episode:    10 Steps:    1945 Episode Steps:    28 Return: -1.0000 FPS: 22.02
20:39:37.629 [INFO] (trainer.py:160) Total Episode:    11 Steps:    2161 Episode Steps:   216 Return:  1.0000 FPS: 48.50
20:39:41.650 [INFO] (trainer.py:160) Total Episode:    12 Steps:    2361 Episode Steps:   200 Return:  0.0000 FPS: 49.77
20:39:45.871 [INFO] (trainer.py:160) Total Episode:    13 Steps:    2564 Episode Steps:   203 Return:  1.0000 FPS: 48.11
20:39:50.300 [INFO] (trainer.py:160) Total Episode:    14 Steps:    2776 Episode Steps:   212 Return:  1.0000 FPS: 47.89
20:39:51.502 [INFO] (trainer.py:160) Total Episode:    15 Steps:    2800 Episode Steps:    24 Return: -1.0000 FPS: 20.00
20:39:55.909 [INFO] (trainer.py:160) Total Episode:    16 Steps:    3016 Episode Steps:   216 Return:  0.0000 FPS: 49.04
20:39:59.790 [INFO] (trainer.py:160) Total Episode:    17 Steps:    3203 Episode Steps:   187 Return:  1.0000 FPS: 48.21
20:40:04.060 [INFO] (trainer.py:160) Total Episode:    18 Steps:    3408 Episode Steps:   205 Return:  0.0000 FPS: 48.03
20:40:05.283 [INFO] (trainer.py:160) Total Episode:    19 Steps:    3435 Episode Steps:    27 Return: -1.0000 FPS: 22.12
20:40:09.446 [INFO] (trainer.py:160) Total Episode:    20 Steps:    3635 Episode Steps:   200 Return:  0.0000 FPS: 48.10
20:40:13.837 [INFO] (trainer.py:160) Total Episode:    21 Steps:    3849 Episode Steps:   214 Return:  0.0000 FPS: 48.77
20:40:17.809 [INFO] (trainer.py:160) Total Episode:    22 Steps:    4036 Episode Steps:   187 Return:  1.0000 FPS: 47.10
20:40:22.282 [INFO] (trainer.py:160) Total Episode:    23 Steps:    4234 Episode Steps:   198 Return:  1.0000 FPS: 44.29
20:40:27.086 [INFO] (trainer.py:160) Total Episode:    24 Steps:    4470 Episode Steps:   236 Return:  1.0000 FPS: 49.15
20:40:31.185 [INFO] (trainer.py:160) Total Episode:    25 Steps:    4661 Episode Steps:   191 Return:  1.0000 FPS: 46.62
20:40:35.526 [INFO] (trainer.py:160) Total Episode:    26 Steps:    4871 Episode Steps:   210 Return:  0.0000 FPS: 48.40
20:40:43.671 [INFO] (trainer.py:160) Total Episode:    27 Steps:    5046 Episode Steps:   175 Return:  1.0000 FPS: 21.49
20:40:45.909 [INFO] (trainer.py:160) Total Episode:    28 Steps:    5075 Episode Steps:    29 Return: -1.0000 FPS: 12.97
20:40:52.568 [INFO] (trainer.py:160) Total Episode:    29 Steps:    5197 Episode Steps:   122 Return:  1.0000 FPS: 18.33
20:41:01.296 [INFO] (trainer.py:160) Total Episode:    30 Steps:    5360 Episode Steps:   163 Return:  1.0000 FPS: 18.68
20:41:03.118 [INFO] (trainer.py:160) Total Episode:    31 Steps:    5383 Episode Steps:    23 Return: -1.0000 FPS: 12.64
20:41:05.126 [INFO] (trainer.py:160) Total Episode:    32 Steps:    5408 Episode Steps:    25 Return: -1.0000 FPS: 12.46
20:41:07.260 [INFO] (trainer.py:160) Total Episode:    33 Steps:    5430 Episode Steps:    22 Return: -1.0000 FPS: 10.32
20:41:13.110 [INFO] (trainer.py:160) Total Episode:    34 Steps:    5542 Episode Steps:   112 Return:  1.0000 FPS: 19.15
20:41:15.115 [INFO] (trainer.py:160) Total Episode:    35 Steps:    5566 Episode Steps:    24 Return: -1.0000 FPS: 11.98
20:41:17.068 [INFO] (trainer.py:160) Total Episode:    36 Steps:    5589 Episode Steps:    23 Return: -1.0000 FPS: 11.79
20:41:23.535 [INFO] (trainer.py:160) Total Episode:    37 Steps:    5702 Episode Steps:   113 Return:  1.0000 FPS: 17.48
20:41:29.853 [INFO] (trainer.py:160) Total Episode:    38 Steps:    5815 Episode Steps:   113 Return:  1.0000 FPS: 17.89
20:41:35.945 [INFO] (trainer.py:160) Total Episode:    39 Steps:    5924 Episode Steps:   109 Return:  1.0000 FPS: 17.90
20:41:41.984 [INFO] (trainer.py:160) Total Episode:    40 Steps:    6038 Episode Steps:   114 Return:  1.0000 FPS: 18.88
20:41:47.889 [INFO] (trainer.py:160) Total Episode:    41 Steps:    6152 Episode Steps:   114 Return:  1.0000 FPS: 19.31
20:41:53.725 [INFO] (trainer.py:160) Total Episode:    42 Steps:    6263 Episode Steps:   111 Return:  1.0000 FPS: 19.03
20:41:59.682 [INFO] (trainer.py:160) Total Episode:    43 Steps:    6377 Episode Steps:   114 Return:  1.0000 FPS: 19.14
20:42:01.804 [INFO] (trainer.py:160) Total Episode:    44 Steps:    6406 Episode Steps:    29 Return: -1.0000 FPS: 13.68
20:42:07.841 [INFO] (trainer.py:160) Total Episode:    45 Steps:    6513 Episode Steps:   107 Return:  1.0000 FPS: 17.73
20:42:13.856 [INFO] (trainer.py:160) Total Episode:    46 Steps:    6626 Episode Steps:   113 Return:  1.0000 FPS: 18.79
20:42:19.732 [INFO] (trainer.py:160) Total Episode:    47 Steps:    6734 Episode Steps:   108 Return:  1.0000 FPS: 18.39
20:42:21.616 [INFO] (trainer.py:160) Total Episode:    48 Steps:    6757 Episode Steps:    23 Return: -1.0000 FPS: 12.22
20:42:23.782 [INFO] (trainer.py:160) Total Episode:    49 Steps:    6785 Episode Steps:    28 Return: -1.0000 FPS: 12.94
20:42:29.966 [INFO] (trainer.py:160) Total Episode:    50 Steps:    6896 Episode Steps:   111 Return:  1.0000 FPS: 17.96
20:42:36.119 [INFO] (trainer.py:160) Total Episode:    51 Steps:    7007 Episode Steps:   111 Return:  1.0000 FPS: 18.05
20:42:42.108 [INFO] (trainer.py:160) Total Episode:    52 Steps:    7114 Episode Steps:   107 Return:  1.0000 FPS: 17.87
20:42:47.500 [INFO] (trainer.py:160) Total Episode:    53 Steps:    7212 Episode Steps:    98 Return: -1.0000 FPS: 18.18
20:42:53.176 [INFO] (trainer.py:160) Total Episode:    54 Steps:    7321 Episode Steps:   109 Return:  1.0000 FPS: 19.21
20:42:58.751 [INFO] (trainer.py:160) Total Episode:    55 Steps:    7427 Episode Steps:   106 Return:  1.0000 FPS: 19.02
20:43:00.949 [INFO] (trainer.py:160) Total Episode:    56 Steps:    7448 Episode Steps:    21 Return: -1.0000 FPS:  9.56
20:43:02.682 [INFO] (trainer.py:160) Total Episode:    57 Steps:    7469 Episode Steps:    21 Return: -1.0000 FPS: 12.14
20:43:07.578 [INFO] (trainer.py:160) Total Episode:    58 Steps:    7557 Episode Steps:    88 Return: -1.0000 FPS: 17.98
20:43:13.389 [INFO] (trainer.py:160) Total Episode:    59 Steps:    7665 Episode Steps:   108 Return:  1.0000 FPS: 18.59
20:43:15.255 [INFO] (trainer.py:160) Total Episode:    60 Steps:    7688 Episode Steps:    23 Return: -1.0000 FPS: 12.34
20:43:17.136 [INFO] (trainer.py:160) Total Episode:    61 Steps:    7711 Episode Steps:    23 Return: -1.0000 FPS: 12.24
20:43:20.912 [INFO] (trainer.py:160) Total Episode:    62 Steps:    7774 Episode Steps:    63 Return: -1.0000 FPS: 16.69
20:43:26.998 [INFO] (trainer.py:160) Total Episode:    63 Steps:    7883 Episode Steps:   109 Return:  1.0000 FPS: 17.92
20:43:33.028 [INFO] (trainer.py:160) Total Episode:    64 Steps:    7990 Episode Steps:   107 Return:  1.0000 FPS: 17.75
20:43:39.113 [INFO] (trainer.py:160) Total Episode:    65 Steps:    8102 Episode Steps:   112 Return:  1.0000 FPS: 18.41
20:43:41.009 [INFO] (trainer.py:160) Total Episode:    66 Steps:    8126 Episode Steps:    24 Return: -1.0000 FPS: 12.67
20:43:46.849 [INFO] (trainer.py:160) Total Episode:    67 Steps:    8233 Episode Steps:   107 Return:  1.0000 FPS: 18.33
20:43:52.787 [INFO] (trainer.py:160) Total Episode:    68 Steps:    8342 Episode Steps:   109 Return:  1.0000 FPS: 18.36
20:43:54.649 [INFO] (trainer.py:160) Total Episode:    69 Steps:    8365 Episode Steps:    23 Return: -1.0000 FPS: 12.36
20:43:56.729 [INFO] (trainer.py:160) Total Episode:    70 Steps:    8393 Episode Steps:    28 Return: -1.0000 FPS: 13.48
20:43:58.573 [INFO] (trainer.py:160) Total Episode:    71 Steps:    8415 Episode Steps:    22 Return: -1.0000 FPS: 11.94
20:44:02.213 [INFO] (trainer.py:160) Total Episode:    72 Steps:    8474 Episode Steps:    59 Return: -1.0000 FPS: 16.22
20:44:04.572 [INFO] (trainer.py:160) Total Episode:    73 Steps:    8506 Episode Steps:    32 Return: -1.0000 FPS: 13.58
20:44:06.780 [INFO] (trainer.py:160) Total Episode:    74 Steps:    8536 Episode Steps:    30 Return: -1.0000 FPS: 13.60
20:44:12.692 [INFO] (trainer.py:160) Total Episode:    75 Steps:    8643 Episode Steps:   107 Return:  1.0000 FPS: 18.11
20:44:14.595 [INFO] (trainer.py:160) Total Episode:    76 Steps:    8666 Episode Steps:    23 Return: -1.0000 FPS: 12.10
20:44:20.747 [INFO] (trainer.py:160) Total Episode:    77 Steps:    8775 Episode Steps:   109 Return:  1.0000 FPS: 17.73
20:44:27.141 [INFO] (trainer.py:160) Total Episode:    78 Steps:    8882 Episode Steps:   107 Return:  1.0000 FPS: 16.74
20:44:32.998 [INFO] (trainer.py:160) Total Episode:    79 Steps:    8990 Episode Steps:   108 Return:  1.0000 FPS: 18.44
20:44:37.309 [INFO] (trainer.py:160) Total Episode:    80 Steps:    9069 Episode Steps:    79 Return: -1.0000 FPS: 18.34
20:44:43.265 [INFO] (trainer.py:160) Total Episode:    81 Steps:    9178 Episode Steps:   109 Return:  1.0000 FPS: 18.31
20:44:48.893 [INFO] (trainer.py:160) Total Episode:    82 Steps:    9283 Episode Steps:   105 Return:  1.0000 FPS: 18.66
20:44:54.583 [INFO] (trainer.py:160) Total Episode:    83 Steps:    9388 Episode Steps:   105 Return:  1.0000 FPS: 18.46
20:45:00.133 [INFO] (trainer.py:160) Total Episode:    84 Steps:    9494 Episode Steps:   106 Return:  1.0000 FPS: 19.11
20:45:04.448 [INFO] (trainer.py:160) Total Episode:    85 Steps:    9569 Episode Steps:    75 Return: -1.0000 FPS: 17.39
20:45:06.364 [INFO] (trainer.py:160) Total Episode:    86 Steps:    9592 Episode Steps:    23 Return: -1.0000 FPS: 12.02
20:45:12.370 [INFO] (trainer.py:160) Total Episode:    87 Steps:    9699 Episode Steps:   107 Return:  1.0000 FPS: 17.82
20:45:14.233 [INFO] (trainer.py:160) Total Episode:    88 Steps:    9723 Episode Steps:    24 Return: -1.0000 FPS: 12.90
20:45:16.295 [INFO] (trainer.py:160) Total Episode:    89 Steps:    9750 Episode Steps:    27 Return: -1.0000 FPS: 13.11
20:45:22.180 [INFO] (trainer.py:160) Total Episode:    90 Steps:    9858 Episode Steps:   108 Return:  1.0000 FPS: 18.36
20:45:28.023 [INFO] (trainer.py:160) Total Episode:    91 Steps:    9967 Episode Steps:   109 Return:  1.0000 FPS: 18.66
20:45:33.764 [INFO] (trainer.py:160) Total Episode:    92 Steps:   10075 Episode Steps:   108 Return:  1.0000 FPS: 18.82
20:45:42.826 [INFO] (trainer.py:160) Total Episode:    93 Steps:   10254 Episode Steps:   179 Return: -1.0000 FPS: 19.76
20:45:48.510 [INFO] (trainer.py:160) Total Episode:    94 Steps:   10361 Episode Steps:   107 Return:  1.0000 FPS: 18.83
20:45:52.476 [INFO] (trainer.py:160) Total Episode:    95 Steps:   10431 Episode Steps:    70 Return: -1.0000 FPS: 17.66
20:45:54.502 [INFO] (trainer.py:160) Total Episode:    96 Steps:   10460 Episode Steps:    29 Return: -1.0000 FPS: 14.33
20:46:00.266 [INFO] (trainer.py:160) Total Episode:    97 Steps:   10568 Episode Steps:   108 Return:  1.0000 FPS: 18.74
20:46:06.051 [INFO] (trainer.py:160) Total Episode:    98 Steps:   10677 Episode Steps:   109 Return:  1.0000 FPS: 18.85
20:46:08.831 [INFO] (trainer.py:160) Total Episode:    99 Steps:   10722 Episode Steps:    45 Return: -1.0000 FPS: 16.20
20:46:13.374 [INFO] (trainer.py:160) Total Episode:   100 Steps:   10785 Episode Steps:    63 Return: -1.0000 FPS: 13.88
20:46:18.987 [INFO] (trainer.py:160) Total Episode:   101 Steps:   10892 Episode Steps:   107 Return:  1.0000 FPS: 19.07
20:46:24.823 [INFO] (trainer.py:160) Total Episode:   102 Steps:   11000 Episode Steps:   108 Return:  1.0000 FPS: 18.51
20:46:28.445 [INFO] (trainer.py:160) Total Episode:   103 Steps:   11059 Episode Steps:    59 Return: -1.0000 FPS: 16.30
20:46:34.509 [INFO] (trainer.py:160) Total Episode:   104 Steps:   11169 Episode Steps:   110 Return:  1.0000 FPS: 18.15
20:46:36.403 [INFO] (trainer.py:160) Total Episode:   105 Steps:   11191 Episode Steps:    22 Return: -1.0000 FPS: 11.63
20:46:42.603 [INFO] (trainer.py:160) Total Episode:   106 Steps:   11300 Episode Steps:   109 Return:  1.0000 FPS: 17.59
20:46:45.157 [INFO] (trainer.py:160) Total Episode:   107 Steps:   11338 Episode Steps:    38 Return: -1.0000 FPS: 14.89
20:46:47.071 [INFO] (trainer.py:160) Total Episode:   108 Steps:   11362 Episode Steps:    24 Return: -1.0000 FPS: 12.55
20:46:52.991 [INFO] (trainer.py:160) Total Episode:   109 Steps:   11472 Episode Steps:   110 Return:  1.0000 FPS: 18.59
20:46:59.137 [INFO] (trainer.py:160) Total Episode:   110 Steps:   11583 Episode Steps:   111 Return:  1.0000 FPS: 18.06
20:47:05.220 [INFO] (trainer.py:160) Total Episode:   111 Steps:   11693 Episode Steps:   110 Return:  1.0000 FPS: 18.09
20:47:07.116 [INFO] (trainer.py:160) Total Episode:   112 Steps:   11717 Episode Steps:    24 Return: -1.0000 FPS: 12.67
20:47:09.210 [INFO] (trainer.py:160) Total Episode:   113 Steps:   11746 Episode Steps:    29 Return: -1.0000 FPS: 13.86
20:47:15.052 [INFO] (trainer.py:160) Total Episode:   114 Steps:   11857 Episode Steps:   111 Return:  1.0000 FPS: 19.01
20:47:21.065 [INFO] (trainer.py:160) Total Episode:   115 Steps:   11967 Episode Steps:   110 Return:  1.0000 FPS: 18.30
20:47:27.063 [INFO] (trainer.py:160) Total Episode:   116 Steps:   12078 Episode Steps:   111 Return:  1.0000 FPS: 18.51
20:47:32.916 [INFO] (trainer.py:160) Total Episode:   117 Steps:   12187 Episode Steps:   109 Return:  1.0000 FPS: 18.63
20:47:34.923 [INFO] (trainer.py:160) Total Episode:   118 Steps:   12212 Episode Steps:    25 Return: -1.0000 FPS: 12.47
20:47:40.917 [INFO] (trainer.py:160) Total Episode:   119 Steps:   12322 Episode Steps:   110 Return:  1.0000 FPS: 18.36
20:47:46.744 [INFO] (trainer.py:160) Total Episode:   120 Steps:   12430 Episode Steps:   108 Return:  1.0000 FPS: 18.54
20:47:50.747 [INFO] (trainer.py:160) Total Episode:   121 Steps:   12502 Episode Steps:    72 Return: -1.0000 FPS: 18.00
20:47:57.200 [INFO] (trainer.py:160) Total Episode:   122 Steps:   12612 Episode Steps:   110 Return:  1.0000 FPS: 17.05
20:47:58.989 [INFO] (trainer.py:160) Total Episode:   123 Steps:   12634 Episode Steps:    22 Return: -1.0000 FPS: 12.31
20:48:13.186 [INFO] (trainer.py:160) Total Episode:   124 Steps:   12916 Episode Steps:   282 Return:  1.0000 FPS: 19.87
20:48:19.403 [INFO] (trainer.py:160) Total Episode:   125 Steps:   13027 Episode Steps:   111 Return:  1.0000 FPS: 17.86
20:48:25.368 [INFO] (trainer.py:160) Total Episode:   126 Steps:   13137 Episode Steps:   110 Return:  1.0000 FPS: 18.45
20:48:31.499 [INFO] (trainer.py:160) Total Episode:   127 Steps:   13247 Episode Steps:   110 Return:  1.0000 FPS: 17.95
20:48:37.164 [INFO] (trainer.py:160) Total Episode:   128 Steps:   13354 Episode Steps:   107 Return:  1.0000 FPS: 18.90
20:48:42.946 [INFO] (trainer.py:160) Total Episode:   129 Steps:   13461 Episode Steps:   107 Return:  1.0000 FPS: 18.51
20:48:48.835 [INFO] (trainer.py:160) Total Episode:   130 Steps:   13568 Episode Steps:   107 Return:  1.0000 FPS: 18.18
20:48:54.769 [INFO] (trainer.py:160) Total Episode:   131 Steps:   13675 Episode Steps:   107 Return:  1.0000 FPS: 18.04
20:49:00.847 [INFO] (trainer.py:160) Total Episode:   132 Steps:   13785 Episode Steps:   110 Return:  1.0000 FPS: 18.11
20:49:03.065 [INFO] (trainer.py:160) Total Episode:   133 Steps:   13814 Episode Steps:    29 Return: -1.0000 FPS: 13.09
20:49:07.225 [INFO] (trainer.py:160) Total Episode:   134 Steps:   13883 Episode Steps:    69 Return: -1.0000 FPS: 16.60
20:49:13.086 [INFO] (trainer.py:160) Total Episode:   135 Steps:   13993 Episode Steps:   110 Return:  1.0000 FPS: 18.78
20:49:15.460 [INFO] (trainer.py:160) Total Episode:   136 Steps:   14027 Episode Steps:    34 Return: -1.0000 FPS: 14.33
20:49:21.137 [INFO] (trainer.py:160) Total Episode:   137 Steps:   14133 Episode Steps:   106 Return:  1.0000 FPS: 18.68
20:49:26.969 [INFO] (trainer.py:160) Total Episode:   138 Steps:   14240 Episode Steps:   107 Return:  1.0000 FPS: 18.35
20:49:32.902 [INFO] (trainer.py:160) Total Episode:   139 Steps:   14348 Episode Steps:   108 Return:  1.0000 FPS: 18.21
20:49:38.563 [INFO] (trainer.py:160) Total Episode:   140 Steps:   14456 Episode Steps:   108 Return:  1.0000 FPS: 19.10
20:49:44.652 [INFO] (trainer.py:160) Total Episode:   141 Steps:   14566 Episode Steps:   110 Return:  1.0000 FPS: 18.07
20:49:50.738 [INFO] (trainer.py:160) Total Episode:   142 Steps:   14675 Episode Steps:   109 Return:  1.0000 FPS: 17.92
20:49:54.567 [INFO] (trainer.py:160) Total Episode:   143 Steps:   14741 Episode Steps:    66 Return: -1.0000 FPS: 17.25
20:50:01.023 [INFO] (trainer.py:160) Total Episode:   144 Steps:   14852 Episode Steps:   111 Return:  1.0000 FPS: 17.20
20:50:02.805 [INFO] (trainer.py:160) Total Episode:   145 Steps:   14874 Episode Steps:    22 Return: -1.0000 FPS: 12.36
20:50:04.691 [INFO] (trainer.py:160) Total Episode:   146 Steps:   14898 Episode Steps:    24 Return: -1.0000 FPS: 12.74
20:50:10.555 [INFO] (trainer.py:160) Total Episode:   147 Steps:   15005 Episode Steps:   107 Return:  1.0000 FPS: 18.25
20:50:16.475 [INFO] (trainer.py:160) Total Episode:   148 Steps:   15112 Episode Steps:   107 Return:  1.0000 FPS: 18.08
20:50:22.527 [INFO] (trainer.py:160) Total Episode:   149 Steps:   15220 Episode Steps:   108 Return:  1.0000 FPS: 17.85
20:50:28.608 [INFO] (trainer.py:160) Total Episode:   150 Steps:   15327 Episode Steps:   107 Return:  1.0000 FPS: 17.60
20:50:32.579 [INFO] (trainer.py:160) Total Episode:   151 Steps:   15398 Episode Steps:    71 Return: -1.0000 FPS: 17.89
20:50:38.180 [INFO] (trainer.py:160) Total Episode:   152 Steps:   15502 Episode Steps:   104 Return:  1.0000 FPS: 18.58
20:50:44.015 [INFO] (trainer.py:160) Total Episode:   153 Steps:   15608 Episode Steps:   106 Return:  1.0000 FPS: 18.17
20:50:45.931 [INFO] (trainer.py:160) Total Episode:   154 Steps:   15631 Episode Steps:    23 Return: -1.0000 FPS: 12.02
20:50:47.697 [INFO] (trainer.py:160) Total Episode:   155 Steps:   15652 Episode Steps:    21 Return: -1.0000 FPS: 11.91
20:50:49.549 [INFO] (trainer.py:160) Total Episode:   156 Steps:   15674 Episode Steps:    22 Return: -1.0000 FPS: 11.89
20:51:07.176 [INFO] (trainer.py:160) Total Episode:   157 Steps:   16025 Episode Steps:   351 Return:  1.0000 FPS: 19.91
20:51:12.994 [INFO] (trainer.py:160) Total Episode:   158 Steps:   16130 Episode Steps:   105 Return:  1.0000 FPS: 18.05
20:51:18.914 [INFO] (trainer.py:160) Total Episode:   159 Steps:   16238 Episode Steps:   108 Return:  1.0000 FPS: 18.25
20:51:24.905 [INFO] (trainer.py:160) Total Episode:   160 Steps:   16346 Episode Steps:   108 Return:  1.0000 FPS: 18.03
20:51:30.887 [INFO] (trainer.py:160) Total Episode:   161 Steps:   16453 Episode Steps:   107 Return:  1.0000 FPS: 17.89
20:51:32.974 [INFO] (trainer.py:160) Total Episode:   162 Steps:   16481 Episode Steps:    28 Return: -1.0000 FPS: 13.43
20:51:38.759 [INFO] (trainer.py:160) Total Episode:   163 Steps:   16587 Episode Steps:   106 Return:  1.0000 FPS: 18.33
20:51:44.784 [INFO] (trainer.py:160) Total Episode:   164 Steps:   16698 Episode Steps:   111 Return:  1.0000 FPS: 18.43
20:51:46.506 [INFO] (trainer.py:160) Total Episode:   165 Steps:   16718 Episode Steps:    20 Return: -1.0000 FPS: 11.62
20:51:48.157 [INFO] (trainer.py:160) Total Episode:   166 Steps:   16738 Episode Steps:    20 Return: -1.0000 FPS: 12.13
20:51:50.589 [INFO] (trainer.py:160) Total Episode:   167 Steps:   16764 Episode Steps:    26 Return: -1.0000 FPS: 10.70
20:51:56.490 [INFO] (trainer.py:160) Total Episode:   168 Steps:   16870 Episode Steps:   106 Return:  1.0000 FPS: 17.97
20:52:02.457 [INFO] (trainer.py:160) Total Episode:   169 Steps:   16975 Episode Steps:   105 Return:  1.0000 FPS: 17.60
20:52:06.166 [INFO] (trainer.py:160) Total Episode:   170 Steps:   17033 Episode Steps:    58 Return: -1.0000 FPS: 15.65
20:52:12.231 [INFO] (trainer.py:160) Total Episode:   171 Steps:   17141 Episode Steps:   108 Return:  1.0000 FPS: 17.81
20:52:18.346 [INFO] (trainer.py:160) Total Episode:   172 Steps:   17250 Episode Steps:   109 Return:  1.0000 FPS: 17.83
20:52:20.167 [INFO] (trainer.py:160) Total Episode:   173 Steps:   17271 Episode Steps:    21 Return: -1.0000 FPS: 11.55
20:52:26.258 [INFO] (trainer.py:160) Total Episode:   174 Steps:   17380 Episode Steps:   109 Return:  1.0000 FPS: 17.90
20:52:32.141 [INFO] (trainer.py:160) Total Episode:   175 Steps:   17485 Episode Steps:   105 Return:  1.0000 FPS: 17.86
20:52:38.054 [INFO] (trainer.py:160) Total Episode:   176 Steps:   17590 Episode Steps:   105 Return:  1.0000 FPS: 17.76
20:52:43.791 [INFO] (trainer.py:160) Total Episode:   177 Steps:   17695 Episode Steps:   105 Return:  1.0000 FPS: 18.31
20:52:49.435 [INFO] (trainer.py:160) Total Episode:   178 Steps:   17800 Episode Steps:   105 Return:  1.0000 FPS: 18.61
20:52:55.207 [INFO] (trainer.py:160) Total Episode:   179 Steps:   17904 Episode Steps:   104 Return:  1.0000 FPS: 18.03
20:53:01.113 [INFO] (trainer.py:160) Total Episode:   180 Steps:   18010 Episode Steps:   106 Return:  1.0000 FPS: 17.95
20:53:06.920 [INFO] (trainer.py:160) Total Episode:   181 Steps:   18116 Episode Steps:   106 Return:  1.0000 FPS: 18.26
20:53:08.956 [INFO] (trainer.py:160) Total Episode:   182 Steps:   18142 Episode Steps:    26 Return: -1.0000 FPS: 12.78
20:53:15.055 [INFO] (trainer.py:160) Total Episode:   183 Steps:   18251 Episode Steps:   109 Return:  1.0000 FPS: 17.88
20:53:20.913 [INFO] (trainer.py:160) Total Episode:   184 Steps:   18358 Episode Steps:   107 Return:  1.0000 FPS: 18.27
20:53:22.663 [INFO] (trainer.py:160) Total Episode:   185 Steps:   18379 Episode Steps:    21 Return: -1.0000 FPS: 12.01
20:53:27.990 [INFO] (trainer.py:160) Total Episode:   186 Steps:   18483 Episode Steps:   104 Return:  1.0000 FPS: 19.53
20:53:29.767 [INFO] (trainer.py:160) Total Episode:   187 Steps:   18504 Episode Steps:    21 Return: -1.0000 FPS: 11.84
20:53:35.395 [INFO] (trainer.py:160) Total Episode:   188 Steps:   18608 Episode Steps:   104 Return:  1.0000 FPS: 18.48
20:53:37.730 [INFO] (trainer.py:160) Total Episode:   189 Steps:   18635 Episode Steps:    27 Return: -1.0000 FPS: 11.57
20:53:43.298 [INFO] (trainer.py:160) Total Episode:   190 Steps:   18743 Episode Steps:   108 Return:  1.0000 FPS: 19.40
20:53:49.063 [INFO] (trainer.py:160) Total Episode:   191 Steps:   18849 Episode Steps:   106 Return:  1.0000 FPS: 18.39
20:53:55.065 [INFO] (trainer.py:160) Total Episode:   192 Steps:   18959 Episode Steps:   110 Return:  1.0000 FPS: 18.34
20:54:00.764 [INFO] (trainer.py:160) Total Episode:   193 Steps:   19065 Episode Steps:   106 Return:  1.0000 FPS: 18.61
20:54:06.519 [INFO] (trainer.py:160) Total Episode:   194 Steps:   19170 Episode Steps:   105 Return:  1.0000 FPS: 18.25
20:54:08.597 [INFO] (trainer.py:160) Total Episode:   195 Steps:   19197 Episode Steps:    27 Return: -1.0000 FPS: 13.01
20:54:14.327 [INFO] (trainer.py:160) Total Episode:   196 Steps:   19303 Episode Steps:   106 Return:  1.0000 FPS: 18.51
20:54:19.953 [INFO] (trainer.py:160) Total Episode:   197 Steps:   19407 Episode Steps:   104 Return:  1.0000 FPS: 18.49
20:54:25.672 [INFO] (trainer.py:160) Total Episode:   198 Steps:   19513 Episode Steps:   106 Return:  1.0000 FPS: 18.54
20:54:31.346 [INFO] (trainer.py:160) Total Episode:   199 Steps:   19618 Episode Steps:   105 Return:  1.0000 FPS: 18.51
20:54:37.342 [INFO] (trainer.py:160) Total Episode:   200 Steps:   19723 Episode Steps:   105 Return:  1.0000 FPS: 17.52
20:54:43.069 [INFO] (trainer.py:160) Total Episode:   201 Steps:   19828 Episode Steps:   105 Return:  1.0000 FPS: 18.34
20:54:48.986 [INFO] (trainer.py:160) Total Episode:   202 Steps:   19934 Episode Steps:   106 Return:  1.0000 FPS: 17.92
20:54:50.835 [INFO] (trainer.py:160) Total Episode:   203 Steps:   19956 Episode Steps:    22 Return: -1.0000 FPS: 11.91
20:55:01.864 [INFO] (trainer.py:160) Total Episode:   204 Steps:   20168 Episode Steps:   212 Return:  1.0000 FPS: 19.23
20:55:03.849 [INFO] (trainer.py:160) Total Episode:   205 Steps:   20192 Episode Steps:    24 Return: -1.0000 FPS: 12.11
20:55:09.703 [INFO] (trainer.py:160) Total Episode:   206 Steps:   20299 Episode Steps:   107 Return:  1.0000 FPS: 18.28
20:55:15.410 [INFO] (trainer.py:160) Total Episode:   207 Steps:   20407 Episode Steps:   108 Return:  1.0000 FPS: 18.93
20:55:17.294 [INFO] (trainer.py:160) Total Episode:   208 Steps:   20430 Episode Steps:    23 Return: -1.0000 FPS: 12.22
20:55:19.077 [INFO] (trainer.py:160) Total Episode:   209 Steps:   20452 Episode Steps:    22 Return: -1.0000 FPS: 12.36
20:55:24.745 [INFO] (trainer.py:160) Total Episode:   210 Steps:   20557 Episode Steps:   105 Return:  1.0000 FPS: 18.53
20:55:30.766 [INFO] (trainer.py:160) Total Episode:   211 Steps:   20663 Episode Steps:   106 Return:  1.0000 FPS: 17.61
20:55:36.543 [INFO] (trainer.py:160) Total Episode:   212 Steps:   20769 Episode Steps:   106 Return:  1.0000 FPS: 18.36
20:55:42.244 [INFO] (trainer.py:160) Total Episode:   213 Steps:   20875 Episode Steps:   106 Return:  1.0000 FPS: 18.60
20:55:48.016 [INFO] (trainer.py:160) Total Episode:   214 Steps:   20984 Episode Steps:   109 Return:  1.0000 FPS: 18.89
20:55:53.929 [INFO] (trainer.py:160) Total Episode:   215 Steps:   21089 Episode Steps:   105 Return:  1.0000 FPS: 17.77
20:55:59.903 [INFO] (trainer.py:160) Total Episode:   216 Steps:   21195 Episode Steps:   106 Return:  1.0000 FPS: 17.75
20:56:05.549 [INFO] (trainer.py:160) Total Episode:   217 Steps:   21300 Episode Steps:   105 Return:  1.0000 FPS: 18.60
20:56:07.699 [INFO] (trainer.py:160) Total Episode:   218 Steps:   21330 Episode Steps:    30 Return: -1.0000 FPS: 13.97
20:56:13.457 [INFO] (trainer.py:160) Total Episode:   219 Steps:   21437 Episode Steps:   107 Return:  1.0000 FPS: 18.59
20:56:15.304 [INFO] (trainer.py:160) Total Episode:   220 Steps:   21458 Episode Steps:    21 Return: -1.0000 FPS: 11.38
20:56:21.315 [INFO] (trainer.py:160) Total Episode:   221 Steps:   21565 Episode Steps:   107 Return:  1.0000 FPS: 17.81
20:56:23.287 [INFO] (trainer.py:160) Total Episode:   222 Steps:   21589 Episode Steps:    24 Return: -1.0000 FPS: 12.18
20:56:25.517 [INFO] (trainer.py:160) Total Episode:   223 Steps:   21619 Episode Steps:    30 Return: -1.0000 FPS: 13.47
20:56:27.433 [INFO] (trainer.py:160) Total Episode:   224 Steps:   21643 Episode Steps:    24 Return: -1.0000 FPS: 12.54
20:56:33.265 [INFO] (trainer.py:160) Total Episode:   225 Steps:   21751 Episode Steps:   108 Return:  1.0000 FPS: 18.53
20:56:35.237 [INFO] (trainer.py:160) Total Episode:   226 Steps:   21776 Episode Steps:    25 Return: -1.0000 FPS: 12.70
20:56:37.442 [INFO] (trainer.py:160) Total Episode:   227 Steps:   21806 Episode Steps:    30 Return: -1.0000 FPS: 13.62
20:56:39.313 [INFO] (trainer.py:160) Total Episode:   228 Steps:   21829 Episode Steps:    23 Return: -1.0000 FPS: 12.31
20:56:45.102 [INFO] (trainer.py:160) Total Episode:   229 Steps:   21935 Episode Steps:   106 Return:  1.0000 FPS: 18.32
20:56:50.992 [INFO] (trainer.py:160) Total Episode:   230 Steps:   22043 Episode Steps:   108 Return:  1.0000 FPS: 18.34
20:56:56.647 [INFO] (trainer.py:160) Total Episode:   231 Steps:   22150 Episode Steps:   107 Return:  1.0000 FPS: 18.93
20:57:02.113 [INFO] (trainer.py:160) Total Episode:   232 Steps:   22256 Episode Steps:   106 Return:  1.0000 FPS: 19.40
20:57:04.580 [INFO] (trainer.py:160) Total Episode:   233 Steps:   22292 Episode Steps:    36 Return: -1.0000 FPS: 14.61
20:57:10.956 [INFO] (trainer.py:160) Total Episode:   234 Steps:   22400 Episode Steps:   108 Return:  1.0000 FPS: 16.94
20:57:13.047 [INFO] (trainer.py:160) Total Episode:   235 Steps:   22427 Episode Steps:    27 Return: -1.0000 FPS: 12.92
20:57:18.844 [INFO] (trainer.py:160) Total Episode:   236 Steps:   22532 Episode Steps:   105 Return:  1.0000 FPS: 18.12
20:57:24.853 [INFO] (trainer.py:160) Total Episode:   237 Steps:   22640 Episode Steps:   108 Return:  1.0000 FPS: 17.98
20:57:30.537 [INFO] (trainer.py:160) Total Episode:   238 Steps:   22746 Episode Steps:   106 Return:  1.0000 FPS: 18.66
20:57:36.479 [INFO] (trainer.py:160) Total Episode:   239 Steps:   22852 Episode Steps:   106 Return:  1.0000 FPS: 17.84
20:57:42.258 [INFO] (trainer.py:160) Total Episode:   240 Steps:   22959 Episode Steps:   107 Return:  1.0000 FPS: 18.52
20:57:44.061 [INFO] (trainer.py:160) Total Episode:   241 Steps:   22981 Episode Steps:    22 Return: -1.0000 FPS: 12.22
20:57:50.161 [INFO] (trainer.py:160) Total Episode:   242 Steps:   23091 Episode Steps:   110 Return:  1.0000 FPS: 18.04
20:57:52.084 [INFO] (trainer.py:160) Total Episode:   243 Steps:   23114 Episode Steps:    23 Return: -1.0000 FPS: 11.97
20:57:54.733 [INFO] (trainer.py:160) Total Episode:   244 Steps:   23152 Episode Steps:    38 Return: -1.0000 FPS: 14.36
20:58:00.563 [INFO] (trainer.py:160) Total Episode:   245 Steps:   23257 Episode Steps:   105 Return:  1.0000 FPS: 18.02
20:58:06.496 [INFO] (trainer.py:160) Total Episode:   246 Steps:   23364 Episode Steps:   107 Return:  1.0000 FPS: 18.04
20:58:12.274 [INFO] (trainer.py:160) Total Episode:   247 Steps:   23475 Episode Steps:   111 Return:  1.0000 FPS: 19.22
20:58:14.076 [INFO] (trainer.py:160) Total Episode:   248 Steps:   23497 Episode Steps:    22 Return: -1.0000 FPS: 12.22
20:58:16.604 [INFO] (trainer.py:160) Total Episode:   249 Steps:   23534 Episode Steps:    37 Return: -1.0000 FPS: 14.65
20:58:22.528 [INFO] (trainer.py:160) Total Episode:   250 Steps:   23640 Episode Steps:   106 Return:  1.0000 FPS: 17.90
20:58:28.260 [INFO] (trainer.py:160) Total Episode:   251 Steps:   23746 Episode Steps:   106 Return:  1.0000 FPS: 18.50
20:58:41.771 [INFO] (trainer.py:160) Total Episode:   252 Steps:   24021 Episode Steps:   275 Return:  1.0000 FPS: 20.36
20:58:47.615 [INFO] (trainer.py:160) Total Episode:   253 Steps:   24129 Episode Steps:   108 Return:  1.0000 FPS: 18.49
20:58:53.487 [INFO] (trainer.py:160) Total Episode:   254 Steps:   24235 Episode Steps:   106 Return:  1.0000 FPS: 18.06
20:58:55.737 [INFO] (trainer.py:160) Total Episode:   255 Steps:   24265 Episode Steps:    30 Return: -1.0000 FPS: 13.35
20:59:02.031 [INFO] (trainer.py:160) Total Episode:   256 Steps:   24371 Episode Steps:   106 Return:  1.0000 FPS: 16.85
20:59:04.224 [INFO] (trainer.py:160) Total Episode:   257 Steps:   24400 Episode Steps:    29 Return: -1.0000 FPS: 13.23
20:59:10.097 [INFO] (trainer.py:160) Total Episode:   258 Steps:   24506 Episode Steps:   106 Return:  1.0000 FPS: 18.06
20:59:15.999 [INFO] (trainer.py:160) Total Episode:   259 Steps:   24613 Episode Steps:   107 Return:  1.0000 FPS: 18.14
20:59:21.890 [INFO] (trainer.py:160) Total Episode:   260 Steps:   24719 Episode Steps:   106 Return:  1.0000 FPS: 18.00
20:59:24.363 [INFO] (trainer.py:160) Total Episode:   261 Steps:   24753 Episode Steps:    34 Return: -1.0000 FPS: 13.76
20:59:30.221 [INFO] (trainer.py:160) Total Episode:   262 Steps:   24858 Episode Steps:   105 Return:  1.0000 FPS: 17.93
20:59:32.080 [INFO] (trainer.py:160) Total Episode:   263 Steps:   24880 Episode Steps:    22 Return: -1.0000 FPS: 11.85
20:59:37.875 [INFO] (trainer.py:160) Total Episode:   264 Steps:   24985 Episode Steps:   105 Return:  1.0000 FPS: 18.13
20:59:40.203 [INFO] (trainer.py:160) Total Episode:   265 Steps:   25016 Episode Steps:    31 Return: -1.0000 FPS: 13.33
20:59:46.408 [INFO] (trainer.py:160) Total Episode:   266 Steps:   25128 Episode Steps:   112 Return:  1.0000 FPS: 18.06
20:59:52.223 [INFO] (trainer.py:160) Total Episode:   267 Steps:   25234 Episode Steps:   106 Return:  1.0000 FPS: 18.23
20:59:54.851 [INFO] (trainer.py:160) Total Episode:   268 Steps:   25275 Episode Steps:    41 Return: -1.0000 FPS: 15.61
21:00:00.539 [INFO] (trainer.py:160) Total Episode:   269 Steps:   25381 Episode Steps:   106 Return:  1.0000 FPS: 18.65
21:00:02.471 [INFO] (trainer.py:160) Total Episode:   270 Steps:   25406 Episode Steps:    25 Return: -1.0000 FPS: 12.95
21:00:05.198 [INFO] (trainer.py:160) Total Episode:   271 Steps:   25447 Episode Steps:    41 Return: -1.0000 FPS: 15.05
21:00:10.917 [INFO] (trainer.py:160) Total Episode:   272 Steps:   25554 Episode Steps:   107 Return:  1.0000 FPS: 18.72
21:00:13.877 [INFO] (trainer.py:160) Total Episode:   273 Steps:   25599 Episode Steps:    45 Return: -1.0000 FPS: 15.22
21:00:19.800 [INFO] (trainer.py:160) Total Episode:   274 Steps:   25705 Episode Steps:   106 Return:  1.0000 FPS: 17.90
21:00:25.582 [INFO] (trainer.py:160) Total Episode:   275 Steps:   25811 Episode Steps:   106 Return:  1.0000 FPS: 18.34
21:00:43.782 [INFO] (trainer.py:160) Total Episode:   276 Steps:   26187 Episode Steps:   376 Return:  1.0000 FPS: 20.66
21:00:45.967 [INFO] (trainer.py:160) Total Episode:   277 Steps:   26217 Episode Steps:    30 Return: -1.0000 FPS: 13.74
21:00:52.328 [INFO] (trainer.py:160) Total Episode:   278 Steps:   26325 Episode Steps:   108 Return:  1.0000 FPS: 16.99
21:00:55.061 [INFO] (trainer.py:160) Total Episode:   279 Steps:   26364 Episode Steps:    39 Return: -1.0000 FPS: 14.28
21:00:57.576 [INFO] (trainer.py:160) Total Episode:   280 Steps:   26398 Episode Steps:    34 Return: -1.0000 FPS: 13.53
21:01:03.511 [INFO] (trainer.py:160) Total Episode:   281 Steps:   26503 Episode Steps:   105 Return:  1.0000 FPS: 17.70
21:01:09.418 [INFO] (trainer.py:160) Total Episode:   282 Steps:   26608 Episode Steps:   105 Return:  1.0000 FPS: 17.78
21:01:15.446 [INFO] (trainer.py:160) Total Episode:   283 Steps:   26718 Episode Steps:   110 Return:  1.0000 FPS: 18.25
21:01:17.315 [INFO] (trainer.py:160) Total Episode:   284 Steps:   26741 Episode Steps:    23 Return: -1.0000 FPS: 12.32
21:01:19.607 [INFO] (trainer.py:160) Total Episode:   285 Steps:   26771 Episode Steps:    30 Return: -1.0000 FPS: 13.10
21:01:25.594 [INFO] (trainer.py:160) Total Episode:   286 Steps:   26877 Episode Steps:   106 Return:  1.0000 FPS: 17.71
21:01:43.471 [INFO] (trainer.py:160) Total Episode:   287 Steps:   27244 Episode Steps:   367 Return:  1.0000 FPS: 20.53
21:01:45.942 [INFO] (trainer.py:160) Total Episode:   288 Steps:   27280 Episode Steps:    36 Return: -1.0000 FPS: 14.58
21:01:51.677 [INFO] (trainer.py:160) Total Episode:   289 Steps:   27385 Episode Steps:   105 Return:  1.0000 FPS: 18.32
21:01:53.481 [INFO] (trainer.py:160) Total Episode:   290 Steps:   27406 Episode Steps:    21 Return: -1.0000 FPS: 11.65
21:02:06.400 [INFO] (trainer.py:160) Total Episode:   291 Steps:   27668 Episode Steps:   262 Return:  1.0000 FPS: 20.28
21:02:12.313 [INFO] (trainer.py:160) Total Episode:   292 Steps:   27779 Episode Steps:   111 Return:  1.0000 FPS: 18.78
21:02:17.603 [INFO] (trainer.py:160) Total Episode:   293 Steps:   27883 Episode Steps:   104 Return:  1.0000 FPS: 19.67
21:02:22.851 [INFO] (trainer.py:160) Total Episode:   294 Steps:   27987 Episode Steps:   104 Return:  1.0000 FPS: 19.82
21:02:28.469 [INFO] (trainer.py:160) Total Episode:   295 Steps:   28095 Episode Steps:   108 Return:  1.0000 FPS: 19.23
21:02:30.288 [INFO] (trainer.py:160) Total Episode:   296 Steps:   28117 Episode Steps:    22 Return: -1.0000 FPS: 12.12
21:02:35.866 [INFO] (trainer.py:160) Total Episode:   297 Steps:   28221 Episode Steps:   104 Return:  1.0000 FPS: 18.65
21:02:41.424 [INFO] (trainer.py:160) Total Episode:   298 Steps:   28327 Episode Steps:   106 Return:  1.0000 FPS: 19.08
21:02:43.118 [INFO] (trainer.py:160) Total Episode:   299 Steps:   28348 Episode Steps:    21 Return: -1.0000 FPS: 12.41
21:02:49.496 [INFO] (trainer.py:160) Total Episode:   300 Steps:   28454 Episode Steps:   106 Return:  1.0000 FPS: 16.63
21:02:55.468 [INFO] (trainer.py:160) Total Episode:   301 Steps:   28560 Episode Steps:   106 Return:  1.0000 FPS: 17.76
21:03:01.719 [INFO] (trainer.py:160) Total Episode:   302 Steps:   28670 Episode Steps:   110 Return:  1.0000 FPS: 17.60
21:03:07.789 [INFO] (trainer.py:160) Total Episode:   303 Steps:   28782 Episode Steps:   112 Return:  1.0000 FPS: 18.46
21:03:21.719 [INFO] (trainer.py:160) Total Episode:   304 Steps:   29062 Episode Steps:   280 Return:  0.0000 FPS: 20.10
21:03:27.539 [INFO] (trainer.py:160) Total Episode:   305 Steps:   29168 Episode Steps:   106 Return:  1.0000 FPS: 18.22
21:03:29.433 [INFO] (trainer.py:160) Total Episode:   306 Steps:   29192 Episode Steps:    24 Return: -1.0000 FPS: 12.69
21:03:35.181 [INFO] (trainer.py:160) Total Episode:   307 Steps:   29297 Episode Steps:   105 Return:  1.0000 FPS: 18.27
21:03:40.900 [INFO] (trainer.py:160) Total Episode:   308 Steps:   29402 Episode Steps:   105 Return:  1.0000 FPS: 18.37
21:03:46.887 [INFO] (trainer.py:160) Total Episode:   309 Steps:   29507 Episode Steps:   105 Return:  1.0000 FPS: 17.55
21:03:52.796 [INFO] (trainer.py:160) Total Episode:   310 Steps:   29613 Episode Steps:   106 Return:  1.0000 FPS: 17.94
21:03:58.944 [INFO] (trainer.py:160) Total Episode:   311 Steps:   29721 Episode Steps:   108 Return:  1.0000 FPS: 17.57
21:04:04.825 [INFO] (trainer.py:160) Total Episode:   312 Steps:   29825 Episode Steps:   104 Return:  1.0000 FPS: 17.69
21:04:07.041 [INFO] (trainer.py:160) Total Episode:   313 Steps:   29854 Episode Steps:    29 Return: -1.0000 FPS: 13.10
21:04:12.970 [INFO] (trainer.py:160) Total Episode:   314 Steps:   29961 Episode Steps:   107 Return:  1.0000 FPS: 18.05
21:04:18.879 [INFO] (trainer.py:160) Total Episode:   315 Steps:   30068 Episode Steps:   107 Return:  1.0000 FPS: 18.11
21:04:20.826 [INFO] (trainer.py:160) Total Episode:   316 Steps:   30092 Episode Steps:    24 Return: -1.0000 FPS: 12.34
21:04:26.752 [INFO] (trainer.py:160) Total Episode:   317 Steps:   30200 Episode Steps:   108 Return:  1.0000 FPS: 18.23
21:04:32.906 [INFO] (trainer.py:160) Total Episode:   318 Steps:   30310 Episode Steps:   110 Return:  1.0000 FPS: 17.88
21:04:34.813 [INFO] (trainer.py:160) Total Episode:   319 Steps:   30333 Episode Steps:    23 Return: -1.0000 FPS: 12.07
21:04:40.699 [INFO] (trainer.py:160) Total Episode:   320 Steps:   30442 Episode Steps:   109 Return:  1.0000 FPS: 18.53
21:04:46.753 [INFO] (trainer.py:160) Total Episode:   321 Steps:   30547 Episode Steps:   105 Return:  1.0000 FPS: 17.35
21:04:48.746 [INFO] (trainer.py:160) Total Episode:   322 Steps:   30573 Episode Steps:    26 Return: -1.0000 FPS: 13.06
21:04:50.548 [INFO] (trainer.py:160) Total Episode:   323 Steps:   30595 Episode Steps:    22 Return: -1.0000 FPS: 12.22
21:04:56.609 [INFO] (trainer.py:160) Total Episode:   324 Steps:   30703 Episode Steps:   108 Return:  1.0000 FPS: 17.82
21:04:58.456 [INFO] (trainer.py:160) Total Episode:   325 Steps:   30725 Episode Steps:    22 Return: -1.0000 FPS: 11.93
21:05:14.472 [INFO] (trainer.py:160) Total Episode:   326 Steps:   31048 Episode Steps:   323 Return:  1.0000 FPS: 20.17
21:05:20.631 [INFO] (trainer.py:160) Total Episode:   327 Steps:   31156 Episode Steps:   108 Return:  1.0000 FPS: 17.54
21:05:26.768 [INFO] (trainer.py:160) Total Episode:   328 Steps:   31265 Episode Steps:   109 Return:  1.0000 FPS: 17.77
21:05:32.594 [INFO] (trainer.py:160) Total Episode:   329 Steps:   31372 Episode Steps:   107 Return:  1.0000 FPS: 18.37
21:05:38.696 [INFO] (trainer.py:160) Total Episode:   330 Steps:   31484 Episode Steps:   112 Return:  1.0000 FPS: 18.36
21:05:58.784 [INFO] (trainer.py:160) Total Episode:   331 Steps:   31883 Episode Steps:   399 Return:  0.0000 FPS: 19.86
21:06:04.447 [INFO] (trainer.py:160) Total Episode:   332 Steps:   31987 Episode Steps:   104 Return:  1.0000 FPS: 18.37
21:06:14.833 [INFO] (trainer.py:160) Total Episode:   333 Steps:   32194 Episode Steps:   207 Return: -1.0000 FPS: 19.94
21:06:17.071 [INFO] (trainer.py:160) Total Episode:   334 Steps:   32224 Episode Steps:    30 Return: -1.0000 FPS: 13.42
21:06:23.086 [INFO] (trainer.py:160) Total Episode:   335 Steps:   32330 Episode Steps:   106 Return:  1.0000 FPS: 17.63
21:06:25.041 [INFO] (trainer.py:160) Total Episode:   336 Steps:   32354 Episode Steps:    24 Return: -1.0000 FPS: 12.29
21:06:27.147 [INFO] (trainer.py:160) Total Episode:   337 Steps:   32382 Episode Steps:    28 Return: -1.0000 FPS: 13.31
21:06:32.877 [INFO] (trainer.py:160) Total Episode:   338 Steps:   32487 Episode Steps:   105 Return:  1.0000 FPS: 18.33
21:06:38.987 [INFO] (trainer.py:160) Total Episode:   339 Steps:   32598 Episode Steps:   111 Return:  1.0000 FPS: 18.17
21:06:40.827 [INFO] (trainer.py:160) Total Episode:   340 Steps:   32619 Episode Steps:    21 Return: -1.0000 FPS: 11.43
21:06:46.813 [INFO] (trainer.py:160) Total Episode:   341 Steps:   32725 Episode Steps:   106 Return:  1.0000 FPS: 17.71
21:06:48.880 [INFO] (trainer.py:160) Total Episode:   342 Steps:   32751 Episode Steps:    26 Return: -1.0000 FPS: 12.59
21:06:55.109 [INFO] (trainer.py:160) Total Episode:   343 Steps:   32857 Episode Steps:   106 Return:  1.0000 FPS: 17.02
21:07:00.851 [INFO] (trainer.py:160) Total Episode:   344 Steps:   32962 Episode Steps:   105 Return:  1.0000 FPS: 18.30
21:07:06.626 [INFO] (trainer.py:160) Total Episode:   345 Steps:   33068 Episode Steps:   106 Return:  1.0000 FPS: 18.36
21:07:08.816 [INFO] (trainer.py:160) Total Episode:   346 Steps:   33097 Episode Steps:    29 Return: -1.0000 FPS: 13.25
21:07:11.455 [INFO] (trainer.py:160) Total Episode:   347 Steps:   33136 Episode Steps:    39 Return: -1.0000 FPS: 14.79
21:07:13.259 [INFO] (trainer.py:160) Total Episode:   348 Steps:   33158 Episode Steps:    22 Return: -1.0000 FPS: 12.21
21:07:15.223 [INFO] (trainer.py:160) Total Episode:   349 Steps:   33184 Episode Steps:    26 Return: -1.0000 FPS: 13.25
21:07:21.216 [INFO] (trainer.py:160) Total Episode:   350 Steps:   33289 Episode Steps:   105 Return:  1.0000 FPS: 17.53
21:07:23.218 [INFO] (trainer.py:160) Total Episode:   351 Steps:   33313 Episode Steps:    24 Return: -1.0000 FPS: 12.01
21:07:27.092 [INFO] (trainer.py:160) Total Episode:   352 Steps:   33379 Episode Steps:    66 Return: -1.0000 FPS: 17.04
21:07:28.967 [INFO] (trainer.py:160) Total Episode:   353 Steps:   33401 Episode Steps:    22 Return: -1.0000 FPS: 11.75
21:07:34.933 [INFO] (trainer.py:160) Total Episode:   354 Steps:   33506 Episode Steps:   105 Return:  1.0000 FPS: 17.61
21:07:40.827 [INFO] (trainer.py:160) Total Episode:   355 Steps:   33614 Episode Steps:   108 Return:  1.0000 FPS: 18.33
21:07:46.432 [INFO] (trainer.py:160) Total Episode:   356 Steps:   33724 Episode Steps:   110 Return:  1.0000 FPS: 19.63
21:07:59.686 [INFO] (trainer.py:160) Total Episode:   357 Steps:   33991 Episode Steps:   267 Return:  1.0000 FPS: 20.15
21:08:05.484 [INFO] (trainer.py:160) Total Episode:   358 Steps:   34097 Episode Steps:   106 Return:  1.0000 FPS: 18.29
21:08:11.363 [INFO] (trainer.py:160) Total Episode:   359 Steps:   34203 Episode Steps:   106 Return:  1.0000 FPS: 18.04
21:08:17.234 [INFO] (trainer.py:160) Total Episode:   360 Steps:   34308 Episode Steps:   105 Return:  1.0000 FPS: 17.89
21:08:23.209 [INFO] (trainer.py:160) Total Episode:   361 Steps:   34414 Episode Steps:   106 Return:  1.0000 FPS: 17.74
21:08:29.052 [INFO] (trainer.py:160) Total Episode:   362 Steps:   34520 Episode Steps:   106 Return:  1.0000 FPS: 18.15
21:08:30.999 [INFO] (trainer.py:160) Total Episode:   363 Steps:   34543 Episode Steps:    23 Return: -1.0000 FPS: 11.82
21:08:33.341 [INFO] (trainer.py:160) Total Episode:   364 Steps:   34574 Episode Steps:    31 Return: -1.0000 FPS: 13.25
21:08:39.282 [INFO] (trainer.py:160) Total Episode:   365 Steps:   34679 Episode Steps:   105 Return:  1.0000 FPS: 17.68
21:08:45.323 [INFO] (trainer.py:160) Total Episode:   366 Steps:   34787 Episode Steps:   108 Return:  1.0000 FPS: 17.88
21:08:51.289 [INFO] (trainer.py:160) Total Episode:   367 Steps:   34890 Episode Steps:   103 Return:  1.0000 FPS: 17.27
21:08:53.667 [INFO] (trainer.py:160) Total Episode:   368 Steps:   34924 Episode Steps:    34 Return: -1.0000 FPS: 14.31
21:08:55.803 [INFO] (trainer.py:160) Total Episode:   369 Steps:   34952 Episode Steps:    28 Return: -1.0000 FPS: 13.12
21:08:57.958 [INFO] (trainer.py:160) Total Episode:   370 Steps:   34983 Episode Steps:    31 Return: -1.0000 FPS: 14.40
21:09:03.796 [INFO] (trainer.py:160) Total Episode:   371 Steps:   35091 Episode Steps:   108 Return:  1.0000 FPS: 18.50
21:09:17.504 [INFO] (trainer.py:160) Total Episode:   372 Steps:   35354 Episode Steps:   263 Return:  1.0000 FPS: 19.19
21:09:23.123 [INFO] (trainer.py:160) Total Episode:   373 Steps:   35460 Episode Steps:   106 Return:  1.0000 FPS: 18.87
21:09:28.955 [INFO] (trainer.py:160) Total Episode:   374 Steps:   35567 Episode Steps:   107 Return:  1.0000 FPS: 18.35
21:09:30.898 [INFO] (trainer.py:160) Total Episode:   375 Steps:   35590 Episode Steps:    23 Return: -1.0000 FPS: 11.85
21:09:33.099 [INFO] (trainer.py:160) Total Episode:   376 Steps:   35619 Episode Steps:    29 Return: -1.0000 FPS: 13.19
21:09:39.112 [INFO] (trainer.py:160) Total Episode:   377 Steps:   35726 Episode Steps:   107 Return:  1.0000 FPS: 17.80
21:09:41.284 [INFO] (trainer.py:160) Total Episode:   378 Steps:   35755 Episode Steps:    29 Return: -1.0000 FPS: 13.36
21:09:47.142 [INFO] (trainer.py:160) Total Episode:   379 Steps:   35863 Episode Steps:   108 Return:  1.0000 FPS: 18.44
21:09:52.978 [INFO] (trainer.py:160) Total Episode:   380 Steps:   35970 Episode Steps:   107 Return:  1.0000 FPS: 18.34
21:09:58.674 [INFO] (trainer.py:160) Total Episode:   381 Steps:   36076 Episode Steps:   106 Return:  1.0000 FPS: 18.61
21:10:04.411 [INFO] (trainer.py:160) Total Episode:   382 Steps:   36183 Episode Steps:   107 Return:  1.0000 FPS: 18.66
21:10:06.365 [INFO] (trainer.py:160) Total Episode:   383 Steps:   36208 Episode Steps:    25 Return: -1.0000 FPS: 12.81
21:10:08.561 [INFO] (trainer.py:160) Total Episode:   384 Steps:   36238 Episode Steps:    30 Return: -1.0000 FPS: 13.67
21:10:14.071 [INFO] (trainer.py:160) Total Episode:   385 Steps:   36344 Episode Steps:   106 Return:  1.0000 FPS: 19.24
21:10:16.176 [INFO] (trainer.py:160) Total Episode:   386 Steps:   36372 Episode Steps:    28 Return: -1.0000 FPS: 13.32
21:10:22.268 [INFO] (trainer.py:160) Total Episode:   387 Steps:   36489 Episode Steps:   117 Return:  0.0000 FPS: 19.21
21:10:24.597 [INFO] (trainer.py:160) Total Episode:   388 Steps:   36521 Episode Steps:    32 Return: -1.0000 FPS: 13.75
21:10:31.093 [INFO] (trainer.py:160) Total Episode:   389 Steps:   36634 Episode Steps:   113 Return:  1.0000 FPS: 17.40
21:10:36.859 [INFO] (trainer.py:160) Total Episode:   390 Steps:   36741 Episode Steps:   107 Return:  1.0000 FPS: 18.56
21:10:42.820 [INFO] (trainer.py:160) Total Episode:   391 Steps:   36859 Episode Steps:   118 Return:  0.0000 FPS: 19.80
21:10:48.475 [INFO] (trainer.py:160) Total Episode:   392 Steps:   36965 Episode Steps:   106 Return:  1.0000 FPS: 18.75
21:10:54.175 [INFO] (trainer.py:160) Total Episode:   393 Steps:   37072 Episode Steps:   107 Return:  1.0000 FPS: 18.78
21:11:00.175 [INFO] (trainer.py:160) Total Episode:   394 Steps:   37182 Episode Steps:   110 Return:  1.0000 FPS: 18.34
21:11:02.201 [INFO] (trainer.py:160) Total Episode:   395 Steps:   37208 Episode Steps:    26 Return: -1.0000 FPS: 12.85
21:11:08.479 [INFO] (trainer.py:160) Total Episode:   396 Steps:   37321 Episode Steps:   113 Return:  1.0000 FPS: 18.00
21:11:10.379 [INFO] (trainer.py:160) Total Episode:   397 Steps:   37343 Episode Steps:    22 Return: -1.0000 FPS: 11.60
21:11:16.428 [INFO] (trainer.py:160) Total Episode:   398 Steps:   37451 Episode Steps:   108 Return:  1.0000 FPS: 17.86
21:11:18.455 [INFO] (trainer.py:160) Total Episode:   399 Steps:   37476 Episode Steps:    25 Return: -1.0000 FPS: 12.34
21:11:24.546 [INFO] (trainer.py:160) Total Episode:   400 Steps:   37580 Episode Steps:   104 Return:  1.0000 FPS: 17.08
21:11:26.397 [INFO] (trainer.py:160) Total Episode:   401 Steps:   37601 Episode Steps:    21 Return: -1.0000 FPS: 11.36
21:11:32.080 [INFO] (trainer.py:160) Total Episode:   402 Steps:   37708 Episode Steps:   107 Return:  1.0000 FPS: 18.84
21:11:38.102 [INFO] (trainer.py:160) Total Episode:   403 Steps:   37817 Episode Steps:   109 Return:  1.0000 FPS: 18.10
21:11:43.868 [INFO] (trainer.py:160) Total Episode:   404 Steps:   37923 Episode Steps:   106 Return:  1.0000 FPS: 18.39
21:11:49.744 [INFO] (trainer.py:160) Total Episode:   405 Steps:   38031 Episode Steps:   108 Return:  1.0000 FPS: 18.39
21:11:55.702 [INFO] (trainer.py:160) Total Episode:   406 Steps:   38138 Episode Steps:   107 Return:  1.0000 FPS: 17.96
21:12:09.974 [INFO] (trainer.py:160) Total Episode:   407 Steps:   38416 Episode Steps:   278 Return:  1.0000 FPS: 19.48
21:12:15.807 [INFO] (trainer.py:160) Total Episode:   408 Steps:   38521 Episode Steps:   105 Return:  1.0000 FPS: 18.01
21:12:21.722 [INFO] (trainer.py:160) Total Episode:   409 Steps:   38630 Episode Steps:   109 Return:  1.0000 FPS: 18.43
21:12:27.488 [INFO] (trainer.py:160) Total Episode:   410 Steps:   38738 Episode Steps:   108 Return:  1.0000 FPS: 18.74
21:12:29.424 [INFO] (trainer.py:160) Total Episode:   411 Steps:   38762 Episode Steps:    24 Return: -1.0000 FPS: 12.41
21:12:35.503 [INFO] (trainer.py:160) Total Episode:   412 Steps:   38867 Episode Steps:   105 Return:  1.0000 FPS: 17.28
21:12:41.454 [INFO] (trainer.py:160) Total Episode:   413 Steps:   38974 Episode Steps:   107 Return:  1.0000 FPS: 17.99
21:12:47.432 [INFO] (trainer.py:160) Total Episode:   414 Steps:   39079 Episode Steps:   105 Return:  1.0000 FPS: 17.57
21:12:49.544 [INFO] (trainer.py:160) Total Episode:   415 Steps:   39108 Episode Steps:    29 Return: -1.0000 FPS: 13.74
21:12:51.604 [INFO] (trainer.py:160) Total Episode:   416 Steps:   39135 Episode Steps:    27 Return: -1.0000 FPS: 13.12
21:12:57.147 [INFO] (trainer.py:160) Total Episode:   417 Steps:   39241 Episode Steps:   106 Return:  1.0000 FPS: 19.13
21:12:58.843 [INFO] (trainer.py:160) Total Episode:   418 Steps:   39261 Episode Steps:    20 Return: -1.0000 FPS: 11.81
21:13:00.611 [INFO] (trainer.py:160) Total Episode:   419 Steps:   39283 Episode Steps:    22 Return: -1.0000 FPS: 12.46
21:13:02.718 [INFO] (trainer.py:160) Total Episode:   420 Steps:   39310 Episode Steps:    27 Return: -1.0000 FPS: 12.83
21:13:04.944 [INFO] (trainer.py:160) Total Episode:   421 Steps:   39340 Episode Steps:    30 Return: -1.0000 FPS: 13.49
21:13:07.170 [INFO] (trainer.py:160) Total Episode:   422 Steps:   39370 Episode Steps:    30 Return: -1.0000 FPS: 13.49
21:13:09.076 [INFO] (trainer.py:160) Total Episode:   423 Steps:   39393 Episode Steps:    23 Return: -1.0000 FPS: 12.08
21:13:14.749 [INFO] (trainer.py:160) Total Episode:   424 Steps:   39501 Episode Steps:   108 Return:  1.0000 FPS: 19.05
21:13:20.384 [INFO] (trainer.py:160) Total Episode:   425 Steps:   39606 Episode Steps:   105 Return:  1.0000 FPS: 18.64
21:13:26.028 [INFO] (trainer.py:160) Total Episode:   426 Steps:   39711 Episode Steps:   105 Return:  1.0000 FPS: 18.61
21:13:31.489 [INFO] (trainer.py:160) Total Episode:   427 Steps:   39817 Episode Steps:   106 Return:  1.0000 FPS: 19.42
21:13:37.333 [INFO] (trainer.py:160) Total Episode:   428 Steps:   39922 Episode Steps:   105 Return:  1.0000 FPS: 17.97
21:13:39.241 [INFO] (trainer.py:160) Total Episode:   429 Steps:   39945 Episode Steps:    23 Return: -1.0000 FPS: 12.07
21:13:41.421 [INFO] (trainer.py:160) Total Episode:   430 Steps:   39973 Episode Steps:    28 Return: -1.0000 FPS: 12.86
21:13:43.240 [INFO] (trainer.py:160) Total Episode:   431 Steps:   39995 Episode Steps:    22 Return: -1.0000 FPS: 12.11
21:13:49.239 [INFO] (trainer.py:160) Total Episode:   432 Steps:   40106 Episode Steps:   111 Return:  1.0000 FPS: 18.51
21:13:51.194 [INFO] (trainer.py:160) Total Episode:   433 Steps:   40131 Episode Steps:    25 Return: -1.0000 FPS: 12.80
21:13:53.161 [INFO] (trainer.py:160) Total Episode:   434 Steps:   40155 Episode Steps:    24 Return: -1.0000 FPS: 12.22
21:13:55.676 [INFO] (trainer.py:160) Total Episode:   435 Steps:   40183 Episode Steps:    28 Return: -1.0000 FPS: 11.14
21:14:01.565 [INFO] (trainer.py:160) Total Episode:   436 Steps:   40288 Episode Steps:   105 Return:  1.0000 FPS: 17.83
21:14:07.349 [INFO] (trainer.py:160) Total Episode:   437 Steps:   40394 Episode Steps:   106 Return:  1.0000 FPS: 18.33
21:14:13.135 [INFO] (trainer.py:160) Total Episode:   438 Steps:   40501 Episode Steps:   107 Return:  1.0000 FPS: 18.50
21:14:18.694 [INFO] (trainer.py:160) Total Episode:   439 Steps:   40607 Episode Steps:   106 Return:  1.0000 FPS: 19.08
21:14:24.126 [INFO] (trainer.py:160) Total Episode:   440 Steps:   40712 Episode Steps:   105 Return:  1.0000 FPS: 19.34
21:14:30.075 [INFO] (trainer.py:160) Total Episode:   441 Steps:   40817 Episode Steps:   105 Return:  1.0000 FPS: 17.66
21:14:36.059 [INFO] (trainer.py:160) Total Episode:   442 Steps:   40924 Episode Steps:   107 Return:  1.0000 FPS: 17.89
21:14:42.017 [INFO] (trainer.py:160) Total Episode:   443 Steps:   41032 Episode Steps:   108 Return:  1.0000 FPS: 18.13
21:14:47.662 [INFO] (trainer.py:160) Total Episode:   444 Steps:   41137 Episode Steps:   105 Return:  1.0000 FPS: 18.61
21:14:53.188 [INFO] (trainer.py:160) Total Episode:   445 Steps:   41243 Episode Steps:   106 Return:  1.0000 FPS: 19.19
21:14:58.948 [INFO] (trainer.py:160) Total Episode:   446 Steps:   41351 Episode Steps:   108 Return:  1.0000 FPS: 18.76
21:15:04.715 [INFO] (trainer.py:160) Total Episode:   447 Steps:   41456 Episode Steps:   105 Return:  1.0000 FPS: 18.21
21:15:10.741 [INFO] (trainer.py:160) Total Episode:   448 Steps:   41566 Episode Steps:   110 Return:  1.0000 FPS: 18.26
21:15:16.464 [INFO] (trainer.py:160) Total Episode:   449 Steps:   41670 Episode Steps:   104 Return:  1.0000 FPS: 18.18
21:15:18.483 [INFO] (trainer.py:160) Total Episode:   450 Steps:   41690 Episode Steps:    20 Return: -1.0000 FPS:  9.91
21:15:24.008 [INFO] (trainer.py:160) Total Episode:   451 Steps:   41795 Episode Steps:   105 Return:  1.0000 FPS: 19.01
21:15:29.813 [INFO] (trainer.py:160) Total Episode:   452 Steps:   41900 Episode Steps:   105 Return:  1.0000 FPS: 18.10
21:15:35.753 [INFO] (trainer.py:160) Total Episode:   453 Steps:   42006 Episode Steps:   106 Return:  1.0000 FPS: 17.85
21:15:41.215 [INFO] (trainer.py:160) Total Episode:   454 Steps:   42110 Episode Steps:   104 Return:  1.0000 FPS: 19.05
21:15:47.023 [INFO] (trainer.py:160) Total Episode:   455 Steps:   42214 Episode Steps:   104 Return:  1.0000 FPS: 17.91
21:15:50.788 [INFO] (trainer.py:160) Total Episode:   456 Steps:   42277 Episode Steps:    63 Return: -1.0000 FPS: 16.75
21:15:57.165 [INFO] (trainer.py:160) Total Episode:   457 Steps:   42384 Episode Steps:   107 Return:  1.0000 FPS: 16.78
21:16:02.683 [INFO] (trainer.py:160) Total Episode:   458 Steps:   42489 Episode Steps:   105 Return:  1.0000 FPS: 19.04
21:16:08.711 [INFO] (trainer.py:160) Total Episode:   459 Steps:   42598 Episode Steps:   109 Return:  1.0000 FPS: 18.09
21:16:22.118 [INFO] (trainer.py:160) Total Episode:   460 Steps:   42863 Episode Steps:   265 Return:  1.0000 FPS: 19.77
21:16:28.583 [INFO] (trainer.py:160) Total Episode:   461 Steps:   42980 Episode Steps:   117 Return:  0.0000 FPS: 18.10
21:16:30.308 [INFO] (trainer.py:160) Total Episode:   462 Steps:   43001 Episode Steps:    21 Return: -1.0000 FPS: 12.19
21:16:32.057 [INFO] (trainer.py:160) Total Episode:   463 Steps:   43023 Episode Steps:    22 Return: -1.0000 FPS: 12.59
21:16:38.131 [INFO] (trainer.py:160) Total Episode:   464 Steps:   43130 Episode Steps:   107 Return:  1.0000 FPS: 17.62
21:16:44.111 [INFO] (trainer.py:160) Total Episode:   465 Steps:   43235 Episode Steps:   105 Return:  1.0000 FPS: 17.57
21:16:45.835 [INFO] (trainer.py:160) Total Episode:   466 Steps:   43255 Episode Steps:    20 Return: -1.0000 FPS: 11.62
21:16:48.280 [INFO] (trainer.py:160) Total Episode:   467 Steps:   43290 Episode Steps:    35 Return: -1.0000 FPS: 14.33
21:16:54.017 [INFO] (trainer.py:160) Total Episode:   468 Steps:   43395 Episode Steps:   105 Return:  1.0000 FPS: 18.31
21:17:00.041 [INFO] (trainer.py:160) Total Episode:   469 Steps:   43502 Episode Steps:   107 Return:  1.0000 FPS: 17.77
21:17:05.982 [INFO] (trainer.py:160) Total Episode:   470 Steps:   43608 Episode Steps:   106 Return:  1.0000 FPS: 17.85
21:17:12.015 [INFO] (trainer.py:160) Total Episode:   471 Steps:   43716 Episode Steps:   108 Return:  1.0000 FPS: 17.91
21:17:17.495 [INFO] (trainer.py:160) Total Episode:   472 Steps:   43819 Episode Steps:   103 Return:  1.0000 FPS: 18.80
21:17:22.841 [INFO] (trainer.py:160) Total Episode:   473 Steps:   43922 Episode Steps:   103 Return:  1.0000 FPS: 19.28
21:17:28.782 [INFO] (trainer.py:160) Total Episode:   474 Steps:   44030 Episode Steps:   108 Return:  1.0000 FPS: 18.18
21:17:34.850 [INFO] (trainer.py:160) Total Episode:   475 Steps:   44138 Episode Steps:   108 Return:  1.0000 FPS: 17.81
21:17:40.705 [INFO] (trainer.py:160) Total Episode:   476 Steps:   44244 Episode Steps:   106 Return:  1.0000 FPS: 18.11
21:17:43.170 [INFO] (trainer.py:160) Total Episode:   477 Steps:   44278 Episode Steps:    34 Return: -1.0000 FPS: 13.81
21:17:49.433 [INFO] (trainer.py:160) Total Episode:   478 Steps:   44382 Episode Steps:   104 Return:  1.0000 FPS: 16.61
21:17:55.147 [INFO] (trainer.py:160) Total Episode:   479 Steps:   44484 Episode Steps:   102 Return:  1.0000 FPS: 17.86
21:18:01.294 [INFO] (trainer.py:160) Total Episode:   480 Steps:   44594 Episode Steps:   110 Return:  1.0000 FPS: 17.90
21:18:07.061 [INFO] (trainer.py:160) Total Episode:   481 Steps:   44699 Episode Steps:   105 Return:  1.0000 FPS: 18.22
21:18:18.726 [INFO] (trainer.py:160) Total Episode:   482 Steps:   44936 Episode Steps:   237 Return:  1.0000 FPS: 20.32
21:18:24.332 [INFO] (trainer.py:160) Total Episode:   483 Steps:   45041 Episode Steps:   105 Return:  1.0000 FPS: 18.74
21:18:30.017 [INFO] (trainer.py:160) Total Episode:   484 Steps:   45147 Episode Steps:   106 Return:  1.0000 FPS: 18.65
21:18:35.925 [INFO] (trainer.py:160) Total Episode:   485 Steps:   45255 Episode Steps:   108 Return:  1.0000 FPS: 18.29
21:18:42.178 [INFO] (trainer.py:160) Total Episode:   486 Steps:   45366 Episode Steps:   111 Return:  1.0000 FPS: 17.76
21:18:48.068 [INFO] (trainer.py:160) Total Episode:   487 Steps:   45472 Episode Steps:   106 Return:  1.0000 FPS: 18.00
21:18:50.827 [INFO] (trainer.py:160) Total Episode:   488 Steps:   45512 Episode Steps:    40 Return: -1.0000 FPS: 14.51
21:18:56.816 [INFO] (trainer.py:160) Total Episode:   489 Steps:   45621 Episode Steps:   109 Return:  1.0000 FPS: 18.21
21:18:58.772 [INFO] (trainer.py:160) Total Episode:   490 Steps:   45645 Episode Steps:    24 Return: -1.0000 FPS: 12.28
21:19:04.608 [INFO] (trainer.py:160) Total Episode:   491 Steps:   45750 Episode Steps:   105 Return:  1.0000 FPS: 18.00
21:19:10.193 [INFO] (trainer.py:160) Total Episode:   492 Steps:   45854 Episode Steps:   104 Return:  1.0000 FPS: 18.63
21:19:12.084 [INFO] (trainer.py:160) Total Episode:   493 Steps:   45877 Episode Steps:    23 Return: -1.0000 FPS: 12.17
21:19:17.801 [INFO] (trainer.py:160) Total Episode:   494 Steps:   45984 Episode Steps:   107 Return:  1.0000 FPS: 18.72
21:19:19.814 [INFO] (trainer.py:160) Total Episode:   495 Steps:   46010 Episode Steps:    26 Return: -1.0000 FPS: 12.93
21:19:25.781 [INFO] (trainer.py:160) Total Episode:   496 Steps:   46121 Episode Steps:   111 Return:  1.0000 FPS: 18.61
21:19:31.596 [INFO] (trainer.py:160) Total Episode:   497 Steps:   46226 Episode Steps:   105 Return:  1.0000 FPS: 18.06
21:19:37.307 [INFO] (trainer.py:160) Total Episode:   498 Steps:   46329 Episode Steps:   103 Return:  1.0000 FPS: 18.04
21:19:43.012 [INFO] (trainer.py:160) Total Episode:   499 Steps:   46433 Episode Steps:   104 Return:  1.0000 FPS: 18.23
21:19:49.049 [INFO] (trainer.py:160) Total Episode:   500 Steps:   46535 Episode Steps:   102 Return:  1.0000 FPS: 16.90
21:19:55.296 [INFO] (trainer.py:160) Total Episode:   501 Steps:   46643 Episode Steps:   108 Return:  1.0000 FPS: 17.30
21:20:01.031 [INFO] (trainer.py:160) Total Episode:   502 Steps:   46748 Episode Steps:   105 Return:  1.0000 FPS: 18.31
21:20:06.902 [INFO] (trainer.py:160) Total Episode:   503 Steps:   46856 Episode Steps:   108 Return:  1.0000 FPS: 18.40
21:20:08.815 [INFO] (trainer.py:160) Total Episode:   504 Steps:   46878 Episode Steps:    22 Return: -1.0000 FPS: 11.51
21:20:14.780 [INFO] (trainer.py:160) Total Episode:   505 Steps:   46986 Episode Steps:   108 Return:  1.0000 FPS: 18.11
21:20:20.647 [INFO] (trainer.py:160) Total Episode:   506 Steps:   47090 Episode Steps:   104 Return:  1.0000 FPS: 17.73
21:20:22.709 [INFO] (trainer.py:160) Total Episode:   507 Steps:   47115 Episode Steps:    25 Return: -1.0000 FPS: 12.14
21:20:24.968 [INFO] (trainer.py:160) Total Episode:   508 Steps:   47145 Episode Steps:    30 Return: -1.0000 FPS: 13.29
21:20:30.793 [INFO] (trainer.py:160) Total Episode:   509 Steps:   47250 Episode Steps:   105 Return:  1.0000 FPS: 18.03
21:20:32.808 [INFO] (trainer.py:160) Total Episode:   510 Steps:   47274 Episode Steps:    24 Return: -1.0000 FPS: 11.92
21:20:38.777 [INFO] (trainer.py:160) Total Episode:   511 Steps:   47379 Episode Steps:   105 Return:  1.0000 FPS: 17.60
21:20:40.913 [INFO] (trainer.py:160) Total Episode:   512 Steps:   47406 Episode Steps:    27 Return: -1.0000 FPS: 12.65
21:20:46.536 [INFO] (trainer.py:160) Total Episode:   513 Steps:   47512 Episode Steps:   106 Return:  1.0000 FPS: 18.86
21:20:52.234 [INFO] (trainer.py:160) Total Episode:   514 Steps:   47619 Episode Steps:   107 Return:  1.0000 FPS: 18.78
21:20:58.213 [INFO] (trainer.py:160) Total Episode:   515 Steps:   47725 Episode Steps:   106 Return:  1.0000 FPS: 17.73
21:21:04.665 [INFO] (trainer.py:160) Total Episode:   516 Steps:   47842 Episode Steps:   117 Return:  1.0000 FPS: 18.14
21:21:10.588 [INFO] (trainer.py:160) Total Episode:   517 Steps:   47947 Episode Steps:   105 Return:  1.0000 FPS: 17.74
21:21:12.748 [INFO] (trainer.py:160) Total Episode:   518 Steps:   47975 Episode Steps:    28 Return: -1.0000 FPS: 12.98
21:21:18.850 [INFO] (trainer.py:160) Total Episode:   519 Steps:   48083 Episode Steps:   108 Return:  1.0000 FPS: 17.71
