21:56:06.172 [INFO] (trainer.py:160) Total Episode:     1 Steps:     198 Episode Steps:   198 Return:  1.9636 FPS: 25.73
21:56:10.763 [INFO] (trainer.py:160) Total Episode:     2 Steps:     421 Episode Steps:   223 Return:  1.0177 FPS: 48.65
21:56:11.916 [INFO] (trainer.py:160) Total Episode:     3 Steps:     449 Episode Steps:    28 Return: -0.7934 FPS: 24.34
21:56:16.216 [INFO] (trainer.py:160) Total Episode:     4 Steps:     653 Episode Steps:   204 Return:  1.9611 FPS: 47.47
21:56:17.348 [INFO] (trainer.py:160) Total Episode:     5 Steps:     679 Episode Steps:    26 Return: -0.8106 FPS: 23.03
21:56:21.701 [INFO] (trainer.py:160) Total Episode:     6 Steps:     883 Episode Steps:   204 Return:  1.0173 FPS: 46.89
21:56:25.685 [INFO] (trainer.py:160) Total Episode:     7 Steps:    1080 Episode Steps:   197 Return:  1.9616 FPS: 49.47
21:56:26.953 [INFO] (trainer.py:160) Total Episode:     8 Steps:    1112 Episode Steps:    32 Return: -0.7754 FPS: 25.30
21:56:28.061 [INFO] (trainer.py:160) Total Episode:     9 Steps:    1138 Episode Steps:    26 Return: -0.8117 FPS: 23.52
21:56:32.448 [INFO] (trainer.py:160) Total Episode:    10 Steps:    1344 Episode Steps:   206 Return:  1.9624 FPS: 46.98
21:56:36.503 [INFO] (trainer.py:160) Total Episode:    11 Steps:    1549 Episode Steps:   205 Return:  1.0186 FPS: 50.59
21:56:40.499 [INFO] (trainer.py:160) Total Episode:    12 Steps:    1745 Episode Steps:   196 Return:  1.9610 FPS: 49.07
21:56:44.477 [INFO] (trainer.py:160) Total Episode:    13 Steps:    1941 Episode Steps:   196 Return:  1.9377 FPS: 49.31
21:56:48.315 [INFO] (trainer.py:160) Total Episode:    14 Steps:    2126 Episode Steps:   185 Return:  1.9585 FPS: 48.24
21:56:52.150 [INFO] (trainer.py:160) Total Episode:    15 Steps:    2314 Episode Steps:   188 Return:  1.9637 FPS: 49.05
21:56:56.772 [INFO] (trainer.py:160) Total Episode:    16 Steps:    2552 Episode Steps:   238 Return:  1.0192 FPS: 51.53
21:57:01.326 [INFO] (trainer.py:160) Total Episode:    17 Steps:    2786 Episode Steps:   234 Return:  1.9389 FPS: 51.41
21:57:05.825 [INFO] (trainer.py:160) Total Episode:    18 Steps:    3013 Episode Steps:   227 Return:  1.9638 FPS: 50.48
21:57:11.178 [INFO] (trainer.py:160) Total Episode:    19 Steps:    3304 Episode Steps:   291 Return:  2.3469 FPS: 54.38
21:57:16.946 [INFO] (trainer.py:160) Total Episode:    20 Steps:    3611 Episode Steps:   307 Return:  2.3378 FPS: 53.25
21:57:20.944 [INFO] (trainer.py:160) Total Episode:    21 Steps:    3809 Episode Steps:   198 Return:  1.9638 FPS: 49.56
21:57:25.397 [INFO] (trainer.py:160) Total Episode:    22 Steps:    4029 Episode Steps:   220 Return:  1.0161 FPS: 49.43
21:57:29.326 [INFO] (trainer.py:160) Total Episode:    23 Steps:    4223 Episode Steps:   194 Return:  1.0175 FPS: 49.40
21:57:33.123 [INFO] (trainer.py:160) Total Episode:    24 Steps:    4410 Episode Steps:   187 Return:  1.0277 FPS: 49.28
21:57:37.336 [INFO] (trainer.py:160) Total Episode:    25 Steps:    4623 Episode Steps:   213 Return:  1.0203 FPS: 50.59
21:57:42.032 [INFO] (trainer.py:160) Total Episode:    26 Steps:    4848 Episode Steps:   225 Return:  1.0210 FPS: 47.93
21:57:52.122 [INFO] (trainer.py:160) Total Episode:    27 Steps:    5076 Episode Steps:   228 Return:  1.0205 FPS: 22.60
21:58:01.785 [INFO] (trainer.py:160) Total Episode:    28 Steps:    5267 Episode Steps:   191 Return:  1.9645 FPS: 19.77
21:58:12.084 [INFO] (trainer.py:160) Total Episode:    29 Steps:    5479 Episode Steps:   212 Return:  1.0212 FPS: 20.59
21:58:22.751 [INFO] (trainer.py:160) Total Episode:    30 Steps:    5703 Episode Steps:   224 Return:  1.9632 FPS: 21.00
21:58:32.324 [INFO] (trainer.py:160) Total Episode:    31 Steps:    5909 Episode Steps:   206 Return:  1.0187 FPS: 21.53
